----------------------------------------------------------------
Thu May 20 08:10:34 IST 2021:
Booting Derby version The Apache Software Foundation - Apache Derby - 10.14.2.0 - (1828579): instance a816c00e-0179-87a5-61ed-0000016062f8 
on database directory memory:D:\frontend\reveal-backend\reveal-backend\556361f2-cf3a-4be2-a75f-4dc98cd8c529 with class loader jdk.internal.loader.ClassLoaders$AppClassLoader@4e0e2f2a 
Loaded from file:/C:/Users/ltangell/.m2/repository/org/apache/derby/derby/10.14.2.0/derby-10.14.2.0.jar
java.vendor=Oracle Corporation
java.runtime.version=12.0.1+12
user.dir=D:\frontend\reveal-backend\reveal-backend
os.name=Windows 10
os.arch=amd64
os.version=10.0
derby.system.home=null
Database Class Loader started - derby.database.classpath=''
----------------------------------------------------------------
Thu May 20 08:12:56 IST 2021:
Shutting down instance a816c00e-0179-87a5-61ed-0000016062f8 on database directory memory:D:\frontend\reveal-backend\reveal-backend\556361f2-cf3a-4be2-a75f-4dc98cd8c529 with class loader jdk.internal.loader.ClassLoaders$AppClassLoader@4e0e2f2a 
----------------------------------------------------------------
Thu May 20 08:12:58 IST 2021:
Booting Derby version The Apache Software Foundation - Apache Derby - 10.14.2.0 - (1828579): instance baf0810c-0179-87a5-61ed-0000016062f8 
on database directory memory:D:\frontend\reveal-backend\reveal-backend\5f2f4f59-e813-4d01-9aec-cebba3f06793 with class loader jdk.internal.loader.ClassLoaders$AppClassLoader@4e0e2f2a 
Loaded from file:/C:/Users/ltangell/.m2/repository/org/apache/derby/derby/10.14.2.0/derby-10.14.2.0.jar
java.vendor=Oracle Corporation
java.runtime.version=12.0.1+12
user.dir=D:\frontend\reveal-backend\reveal-backend
os.name=Windows 10
os.arch=amd64
os.version=10.0
derby.system.home=null
Database Class Loader started - derby.database.classpath=''
----------------------------------------------------------------
Thu May 20 08:14:14 IST 2021:
Shutting down instance baf0810c-0179-87a5-61ed-0000016062f8 on database directory memory:D:\frontend\reveal-backend\reveal-backend\5f2f4f59-e813-4d01-9aec-cebba3f06793 with class loader jdk.internal.loader.ClassLoaders$AppClassLoader@4e0e2f2a 
----------------------------------------------------------------
Thu May 20 08:14:16 IST 2021:
Booting Derby version The Apache Software Foundation - Apache Derby - 10.14.2.0 - (1828579): instance cccb420a-0179-87a5-61ed-0000016062f8 
on database directory memory:D:\frontend\reveal-backend\reveal-backend\11a2490d-e533-46a0-b454-067a02c93aae with class loader jdk.internal.loader.ClassLoaders$AppClassLoader@4e0e2f2a 
Loaded from file:/C:/Users/ltangell/.m2/repository/org/apache/derby/derby/10.14.2.0/derby-10.14.2.0.jar
java.vendor=Oracle Corporation
java.runtime.version=12.0.1+12
user.dir=D:\frontend\reveal-backend\reveal-backend
os.name=Windows 10
os.arch=amd64
os.version=10.0
derby.system.home=null
Database Class Loader started - derby.database.classpath=''
----------------------------------------------------------------
Thu May 20 08:31:32 IST 2021:
Shutting down instance cccb420a-0179-87a5-61ed-0000016062f8 on database directory memory:D:\frontend\reveal-backend\reveal-backend\11a2490d-e533-46a0-b454-067a02c93aae with class loader jdk.internal.loader.ClassLoaders$AppClassLoader@4e0e2f2a 
----------------------------------------------------------------
Thu May 20 08:31:34 IST 2021:
Booting Derby version The Apache Software Foundation - Apache Derby - 10.14.2.0 - (1828579): instance 5da70308-0179-87a5-61ed-0000016062f8 
on database directory memory:D:\frontend\reveal-backend\reveal-backend\6f483c9b-5174-4090-ade8-5f430bc69e90 with class loader jdk.internal.loader.ClassLoaders$AppClassLoader@4e0e2f2a 
Loaded from file:/C:/Users/ltangell/.m2/repository/org/apache/derby/derby/10.14.2.0/derby-10.14.2.0.jar
java.vendor=Oracle Corporation
java.runtime.version=12.0.1+12
user.dir=D:\frontend\reveal-backend\reveal-backend
os.name=Windows 10
os.arch=amd64
os.version=10.0
derby.system.home=null
Database Class Loader started - derby.database.classpath=''
----------------------------------------------------------------
Thu May 20 08:40:11 IST 2021:
Shutting down instance 5da70308-0179-87a5-61ed-0000016062f8 on database directory memory:D:\frontend\reveal-backend\reveal-backend\6f483c9b-5174-4090-ade8-5f430bc69e90 with class loader jdk.internal.loader.ClassLoaders$AppClassLoader@4e0e2f2a 
----------------------------------------------------------------
Thu May 20 08:40:13 IST 2021:
Booting Derby version The Apache Software Foundation - Apache Derby - 10.14.2.0 - (1828579): instance ed83c406-0179-87a5-61ed-0000016062f8 
on database directory memory:D:\frontend\reveal-backend\reveal-backend\970fe668-550e-446c-9994-9bee253997fd with class loader jdk.internal.loader.ClassLoaders$AppClassLoader@4e0e2f2a 
Loaded from file:/C:/Users/ltangell/.m2/repository/org/apache/derby/derby/10.14.2.0/derby-10.14.2.0.jar
java.vendor=Oracle Corporation
java.runtime.version=12.0.1+12
user.dir=D:\frontend\reveal-backend\reveal-backend
os.name=Windows 10
os.arch=amd64
os.version=10.0
derby.system.home=null
Database Class Loader started - derby.database.classpath=''
----------------------------------------------------------------
Thu May 20 08:42:22 IST 2021:
Shutting down instance ed83c406-0179-87a5-61ed-0000016062f8 on database directory memory:D:\frontend\reveal-backend\reveal-backend\970fe668-550e-446c-9994-9bee253997fd with class loader jdk.internal.loader.ClassLoaders$AppClassLoader@4e0e2f2a 
----------------------------------------------------------------
Thu May 20 08:42:25 IST 2021:
Booting Derby version The Apache Software Foundation - Apache Derby - 10.14.2.0 - (1828579): instance fc618504-0179-87a5-61ed-0000016062f8 
on database directory memory:D:\frontend\reveal-backend\reveal-backend\b76938e2-c76c-48a2-ad2f-725804f3aba9 with class loader jdk.internal.loader.ClassLoaders$AppClassLoader@4e0e2f2a 
Loaded from file:/C:/Users/ltangell/.m2/repository/org/apache/derby/derby/10.14.2.0/derby-10.14.2.0.jar
java.vendor=Oracle Corporation
java.runtime.version=12.0.1+12
user.dir=D:\frontend\reveal-backend\reveal-backend
os.name=Windows 10
os.arch=amd64
os.version=10.0
derby.system.home=null
Database Class Loader started - derby.database.classpath=''
----------------------------------------------------------------
Thu May 20 08:45:56 IST 2021:
Shutting down instance fc618504-0179-87a5-61ed-0000016062f8 on database directory memory:D:\frontend\reveal-backend\reveal-backend\b76938e2-c76c-48a2-ad2f-725804f3aba9 with class loader jdk.internal.loader.ClassLoaders$AppClassLoader@4e0e2f2a 
----------------------------------------------------------------
Thu May 20 08:45:58 IST 2021:
Booting Derby version The Apache Software Foundation - Apache Derby - 10.14.2.0 - (1828579): instance 0a404602-0179-87a5-61ed-0000016062f8 
on database directory memory:D:\frontend\reveal-backend\reveal-backend\a89edd4b-0454-49e8-858c-1166645b74d5 with class loader jdk.internal.loader.ClassLoaders$AppClassLoader@4e0e2f2a 
Loaded from file:/C:/Users/ltangell/.m2/repository/org/apache/derby/derby/10.14.2.0/derby-10.14.2.0.jar
java.vendor=Oracle Corporation
java.runtime.version=12.0.1+12
user.dir=D:\frontend\reveal-backend\reveal-backend
os.name=Windows 10
os.arch=amd64
os.version=10.0
derby.system.home=null
Database Class Loader started - derby.database.classpath=''
----------------------------------------------------------------
Thu May 20 08:46:49 IST 2021:
Shutting down instance 0a404602-0179-87a5-61ed-0000016062f8 on database directory memory:D:\frontend\reveal-backend\reveal-backend\a89edd4b-0454-49e8-858c-1166645b74d5 with class loader jdk.internal.loader.ClassLoaders$AppClassLoader@4e0e2f2a 
----------------------------------------------------------------
Thu May 20 08:46:51 IST 2021:
Booting Derby version The Apache Software Foundation - Apache Derby - 10.14.2.0 - (1828579): instance 97200700-0179-87a5-61ed-0000016062f8 
on database directory memory:D:\frontend\reveal-backend\reveal-backend\c65b9bff-e617-461e-8357-03ba6f49920f with class loader jdk.internal.loader.ClassLoaders$AppClassLoader@4e0e2f2a 
Loaded from file:/C:/Users/ltangell/.m2/repository/org/apache/derby/derby/10.14.2.0/derby-10.14.2.0.jar
java.vendor=Oracle Corporation
java.runtime.version=12.0.1+12
user.dir=D:\frontend\reveal-backend\reveal-backend
os.name=Windows 10
os.arch=amd64
os.version=10.0
derby.system.home=null
Database Class Loader started - derby.database.classpath=''
----------------------------------------------------------------
Thu May 20 08:49:48 IST 2021:
Shutting down instance 97200700-0179-87a5-61ed-0000016062f8 on database directory memory:D:\frontend\reveal-backend\reveal-backend\c65b9bff-e617-461e-8357-03ba6f49920f with class loader jdk.internal.loader.ClassLoaders$AppClassLoader@4e0e2f2a 
----------------------------------------------------------------
Thu May 20 08:49:49 IST 2021:
Booting Derby version The Apache Software Foundation - Apache Derby - 10.14.2.0 - (1828579): instance 2300c7fe-0179-87a5-61ed-0000016062f8 
on database directory memory:D:\frontend\reveal-backend\reveal-backend\4b297330-dad6-4722-994c-84f7335af7ea with class loader jdk.internal.loader.ClassLoaders$AppClassLoader@4e0e2f2a 
Loaded from file:/C:/Users/ltangell/.m2/repository/org/apache/derby/derby/10.14.2.0/derby-10.14.2.0.jar
java.vendor=Oracle Corporation
java.runtime.version=12.0.1+12
user.dir=D:\frontend\reveal-backend\reveal-backend
os.name=Windows 10
os.arch=amd64
os.version=10.0
derby.system.home=null
Database Class Loader started - derby.database.classpath=''
----------------------------------------------------------------
Thu May 20 08:52:48 IST 2021:
Shutting down instance 2300c7fe-0179-87a5-61ed-0000016062f8 on database directory memory:D:\frontend\reveal-backend\reveal-backend\4b297330-dad6-4722-994c-84f7335af7ea with class loader jdk.internal.loader.ClassLoaders$AppClassLoader@4e0e2f2a 
----------------------------------------------------------------
Thu May 20 08:52:49 IST 2021:
Booting Derby version The Apache Software Foundation - Apache Derby - 10.14.2.0 - (1828579): instance 2de288fc-0179-87a5-61ed-0000016062f8 
on database directory memory:D:\frontend\reveal-backend\reveal-backend\54807d35-71f1-4cb3-a2d9-740158716bf3 with class loader jdk.internal.loader.ClassLoaders$AppClassLoader@4e0e2f2a 
Loaded from file:/C:/Users/ltangell/.m2/repository/org/apache/derby/derby/10.14.2.0/derby-10.14.2.0.jar
java.vendor=Oracle Corporation
java.runtime.version=12.0.1+12
user.dir=D:\frontend\reveal-backend\reveal-backend
os.name=Windows 10
os.arch=amd64
os.version=10.0
derby.system.home=null
Database Class Loader started - derby.database.classpath=''
----------------------------------------------------------------
Thu May 20 08:53:38 IST 2021:
Shutting down instance 2de288fc-0179-87a5-61ed-0000016062f8 on database directory memory:D:\frontend\reveal-backend\reveal-backend\54807d35-71f1-4cb3-a2d9-740158716bf3 with class loader jdk.internal.loader.ClassLoaders$AppClassLoader@4e0e2f2a 
----------------------------------------------------------------
Thu May 20 08:53:39 IST 2021:
Booting Derby version The Apache Software Foundation - Apache Derby - 10.14.2.0 - (1828579): instance 37c549fa-0179-87a5-61ed-0000016062f8 
on database directory memory:D:\frontend\reveal-backend\reveal-backend\215ebe9c-797a-44ae-a4f0-8fd52432e4c8 with class loader jdk.internal.loader.ClassLoaders$AppClassLoader@4e0e2f2a 
Loaded from file:/C:/Users/ltangell/.m2/repository/org/apache/derby/derby/10.14.2.0/derby-10.14.2.0.jar
java.vendor=Oracle Corporation
java.runtime.version=12.0.1+12
user.dir=D:\frontend\reveal-backend\reveal-backend
os.name=Windows 10
os.arch=amd64
os.version=10.0
derby.system.home=null
Database Class Loader started - derby.database.classpath=''
